\BOOKMARK [0][-]{chapter.1}{\376\377\000E\000s\000p\000a\000\347\000o\000\040\000V\000e\000t\000o\000r\000i\000a\000l}{}% 1
\BOOKMARK [1][-]{section.1.1}{\376\377\000I\000n\000t\000r\000o\000d\000u\000\347\000\343\000o}{chapter.1}% 2
\BOOKMARK [1][-]{section.1.2}{\376\377\000E\000s\000p\000a\000\347\000o\000\040\000V\000e\000t\000o\000r\000i\000a\000l\000\040}{chapter.1}% 3
\BOOKMARK [1][-]{section.1.3}{\376\377\000E\000x\000e\000m\000p\000l\000o\000s}{chapter.1}% 4
\BOOKMARK [1][-]{section.1.4}{\376\377\000E\000x\000e\000r\000c\000\355\000c\000i\000o\000s\000\040\000P\000r\000o\000p\000o\000s\000t\000o\000s}{chapter.1}% 5
\BOOKMARK [0][-]{chapter.2}{\376\377\000S\000u\000b\000e\000s\000p\000a\000\347\000o\000s\000\040\000V\000e\000t\000o\000r\000i\000a\000i\000s}{}% 6
\BOOKMARK [1][-]{section.2.1}{\376\377\000I\000n\000t\000r\000o\000d\000u\000\347\000\343\000o}{chapter.2}% 7
\BOOKMARK [1][-]{section.2.2}{\376\377\000S\000u\000b\000e\000s\000p\000a\000\347\000o\000\040\000V\000e\000t\000o\000r\000i\000a\000l}{chapter.2}% 8
\BOOKMARK [1][-]{section.2.3}{\376\377\000E\000x\000e\000m\000p\000l\000o\000s}{chapter.2}% 9
\BOOKMARK [1][-]{section.2.4}{\376\377\000\040\000E\000x\000e\000r\000c\000\355\000c\000i\000o\000s\000\040\000P\000r\000o\000p\000o\000s\000t\000o\000s}{chapter.2}% 10
\BOOKMARK [0][-]{chapter.3}{\376\377\000C\000o\000m\000b\000i\000n\000a\000\347\000\343\000o\000\040\000L\000i\000n\000e\000a\000r}{}% 11
\BOOKMARK [1][-]{section.3.1}{\376\377\000I\000n\000t\000r\000o\000d\000u\000\347\000\343\000o}{chapter.3}% 12
\BOOKMARK [1][-]{section.3.2}{\376\377\000C\000o\000m\000b\000i\000n\000a\000\347\000\343\000o\000\040\000L\000i\000n\000e\000a\000r}{chapter.3}% 13
\BOOKMARK [1][-]{section.3.3}{\376\377\000E\000x\000e\000m\000p\000l\000o\000s}{chapter.3}% 14
\BOOKMARK [1][-]{section.3.4}{\376\377\000S\000u\000b\000e\000s\000p\000a\000\347\000o\000s\000\040\000G\000e\000r\000a\000d\000o\000s}{chapter.3}% 15
\BOOKMARK [1][-]{section.3.5}{\376\377\000E\000x\000e\000m\000p\000l\000o\000s}{chapter.3}% 16
\BOOKMARK [1][-]{section.3.6}{\376\377\000D\000e\000p\000e\000n\000d\000\352\000n\000c\000i\000a\000\040\000e\000\040\000I\000n\000d\000e\000p\000e\000n\000d\000\352\000n\000c\000i\000a\000\040\000L\000i\000n\000e\000a\000r}{chapter.3}% 17
\BOOKMARK [1][-]{section.3.7}{\376\377\000E\000x\000e\000m\000p\000l\000o\000s}{chapter.3}% 18
\BOOKMARK [1][-]{section.3.8}{\376\377\000E\000x\000e\000r\000c\000\355\000c\000i\000o\000s\000\040\000P\000r\000o\000p\000o\000s\000t\000o\000s}{chapter.3}% 19
\BOOKMARK [0][-]{chapter.4}{\376\377\000B\000a\000s\000e\000\040\000e\000\040\000D\000i\000m\000e\000n\000s\000\343\000o}{}% 20
\BOOKMARK [1][-]{section.4.1}{\376\377\000I\000n\000t\000r\000o\000d\000u\000\347\000\343\000o}{chapter.4}% 21
\BOOKMARK [1][-]{section.4.2}{\376\377\000B\000a\000s\000e}{chapter.4}% 22
\BOOKMARK [1][-]{section.4.3}{\376\377\000E\000x\000e\000m\000p\000l\000o\000s}{chapter.4}% 23
\BOOKMARK [1][-]{section.4.4}{\376\377\000E\000x\000e\000r\000c\000\355\000c\000i\000o\000s\000\040\000r\000e\000s\000o\000l\000v\000i\000d\000o\000s}{chapter.4}% 24
\BOOKMARK [1][-]{section.4.5}{\376\377\000R\000e\000s\000u\000l\000t\000a\000d\000o\000s\000\040\000I\000m\000p\000o\000r\000t\000a\000n\000t\000e\000s}{chapter.4}% 25
\BOOKMARK [1][-]{section.4.6}{\376\377\000D\000i\000m\000e\000n\000s\000\343\000o}{chapter.4}% 26
\BOOKMARK [1][-]{section.4.7}{\376\377\000E\000x\000e\000m\000p\000l\000o\000s}{chapter.4}% 27
\BOOKMARK [1][-]{section.4.8}{\376\377\000C\000o\000o\000r\000d\000e\000n\000a\000d\000a\000s}{chapter.4}% 28
\BOOKMARK [1][-]{section.4.9}{\376\377\000E\000x\000e\000r\000c\000\355\000c\000i\000o\000\040\000R\000e\000s\000o\000l\000v\000i\000d\000o}{chapter.4}% 29
\BOOKMARK [1][-]{section.4.10}{\376\377\000E\000x\000e\000r\000c\000\355\000c\000i\000o\000s\000\040\000P\000r\000o\000p\000o\000s\000t\000o\000s}{chapter.4}% 30
\BOOKMARK [0][-]{chapter.5}{\376\377\000M\000u\000d\000a\000n\000\347\000a\000\040\000d\000e\000\040\000B\000a\000s\000e}{}% 31
\BOOKMARK [1][-]{section.5.1}{\376\377\000I\000n\000t\000r\000o\000d\000u\000\347\000\343\000o}{chapter.5}% 32
\BOOKMARK [1][-]{section.5.2}{\376\377\000M\000u\000d\000a\000n\000\347\000a\000\040\000d\000e\000\040\000B\000a\000s\000e}{chapter.5}% 33
\BOOKMARK [1][-]{section.5.3}{\376\377\000E\000x\000e\000r\000c\000\355\000c\000i\000o\000s\000\040\000P\000r\000o\000p\000o\000s\000t\000o\000s}{chapter.5}% 34
\BOOKMARK [0][-]{chapter.6}{\376\377\000A\000\040\000M\000a\000t\000r\000i\000z\000\040\000d\000e\000\040\000u\000m\000a\000\040\000T\000r\000a\000n\000s\000f\000o\000r\000m\000a\000\347\000\343\000o\000\040\000L\000i\000n\000e\000a\000r}{}% 35
\BOOKMARK [1][-]{section.6.1}{\376\377\000I\000n\000t\000r\000o\000d\000u\000\347\000\343\000o}{chapter.6}% 36
\BOOKMARK [1][-]{section.6.2}{\376\377\000A\000\040\000M\000a\000t\000r\000i\000z\000\040\000d\000e\000\040\000u\000m\000a\000\040\000T\000r\000a\000n\000s\000f\000o\000r\000m\000a\000\347\000\343\000o\000\040\000L\000i\000n\000e\000a\000r}{chapter.6}% 37
\BOOKMARK [1][-]{section.6.3}{\376\377\000E\000x\000e\000r\000c\000\355\000c\000i\000o\000s\000\040\000P\000r\000o\000p\000o\000s\000t\000o\000s}{chapter.6}% 38
\BOOKMARK [1][-]{section.6.4}{\376\377\000M\000a\000t\000r\000i\000z\000\040\000d\000a\000\040\000c\000o\000m\000p\000o\000s\000i\000\347\000\343\000o\000\040\000d\000e\000\040\000t\000r\000a\000n\000f\000o\000r\000m\000a\000\347\000\365\000e\000s\000\040\000l\000i\000n\000e\000a\000r\000e\000s}{chapter.6}% 39
\BOOKMARK [0][-]{chapter.7}{\376\377\000T\000r\000a\000n\000s\000f\000o\000r\000m\000a\000\347\000\365\000e\000s\000\040\000L\000i\000n\000e\000a\000r\000e\000s}{}% 40
\BOOKMARK [1][-]{section.7.1}{\376\377\000I\000n\000t\000r\000o\000d\000u\000\347\000\343\000o}{chapter.7}% 41
\BOOKMARK [1][-]{section.7.2}{\376\377\000T\000r\000a\000n\000s\000f\000o\000r\000m\000a\000\347\000\343\000o\000\040\000L\000i\000n\000e\000a\000r}{chapter.7}% 42
\BOOKMARK [1][-]{section.7.3}{\376\377\000E\000x\000e\000m\000p\000l\000o\000s\000\040\000d\000e\000\040\000T\000r\000a\000n\000s\000f\000o\000r\000m\000a\000\347\000\365\000e\000s\000\040\000L\000i\000n\000e\000a\000r\000e\000s}{chapter.7}% 43
\BOOKMARK [1][-]{section.7.4}{\376\377\000E\000x\000e\000r\000c\000\355\000c\000i\000o\000s\000\040\000P\000r\000o\000p\000o\000s\000t\000o\000s}{chapter.7}% 44
\BOOKMARK [1][-]{section.7.5}{\376\377\000D\000e\000t\000e\000r\000m\000i\000n\000a\000n\000d\000o\000\040\000u\000m\000a\000\040\000t\000r\000a\000n\000s\000f\000o\000r\000m\000a\000\347\000\343\000o\000\040\000l\000i\000n\000e\000a\000r\000\040\000a\000\040\000p\000a\000r\000t\000i\000r\000\040\000d\000a\000\040\000i\000m\000a\000g\000e\000m\000\040\000d\000o\000s\000\040\000v\000e\000t\000o\000r\000e\000s\000\040\000d\000e\000\040\000u\000m\000a\000\040\000b\000a\000s\000e\000\040\000d\000o\000\040\000d\000o\000m\000\355\000n\000i\000o}{chapter.7}% 45
\BOOKMARK [1][-]{section.7.6}{\376\377\000\040\000E\000x\000e\000m\000p\000l\000o}{chapter.7}% 46
\BOOKMARK [1][-]{section.7.7}{\376\377\000E\000x\000e\000r\000c\000\355\000c\000i\000o\000s\000\040\000P\000r\000o\000p\000o\000s\000t\000o\000s}{chapter.7}% 47
\BOOKMARK [1][-]{section.7.8}{\376\377\000N\000\372\000c\000l\000e\000o\000\040\000e\000\040\000I\000m\000a\000g\000e\000m}{chapter.7}% 48
\BOOKMARK [1][-]{section.7.9}{\376\377\000E\000x\000e\000m\000p\000l\000o\000s}{chapter.7}% 49
\BOOKMARK [1][-]{section.7.10}{\376\377\000E\000x\000e\000r\000c\000\355\000c\000i\000o\000s\000\040\000P\000r\000o\000p\000o\000s\000t\000o\000s}{chapter.7}% 50
\BOOKMARK [1][-]{section.7.11}{\376\377\000T\000r\000a\000n\000s\000f\000o\000r\000m\000a\000\347\000\365\000e\000s\000\040\000L\000i\000n\000e\000a\000r\000e\000s\000\040\000I\000n\000j\000e\000t\000i\000v\000a\000s\000\040\000e\000\040\000S\000o\000b\000r\000e\000j\000e\000t\000i\000v\000a\000s}{chapter.7}% 51
\BOOKMARK [1][-]{section.7.12}{\376\377\000E\000x\000e\000m\000p\000l\000o\000s}{chapter.7}% 52
\BOOKMARK [1][-]{section.7.13}{\376\377\000E\000x\000e\000r\000c\000\355\000c\000i\000o\000s\000\040\000P\000r\000o\000p\000o\000s\000t\000o\000s}{chapter.7}% 53
\BOOKMARK [1][-]{section.7.14}{\376\377\000O\000\040\000T\000e\000o\000r\000e\000m\000a\000\040\000d\000o\000\040\000N\000\372\000c\000l\000e\000o\000\040\000e\000\040\000d\000a\000\040\000I\000m\000a\000g\000e\000m\000.\000\040\000I\000s\000o\000m\000o\000r\000f\000i\000s\000m\000o\000s}{chapter.7}% 54
\BOOKMARK [1][-]{section.7.15}{\376\377\000E\000x\000e\000m\000p\000l\000o\000s}{chapter.7}% 55
\BOOKMARK [1][-]{section.7.16}{\376\377\000E\000x\000e\000r\000c\000\355\000c\000i\000o\000s\000\040\000R\000e\000s\000o\000l\000v\000i\000d\000o\000s}{chapter.7}% 56
\BOOKMARK [1][-]{section.7.17}{\376\377\000E\000x\000e\000r\000c\000\355\000c\000i\000o\000s\000\040\000P\000r\000o\000p\000o\000s\000t\000o\000s}{chapter.7}% 57
\BOOKMARK [1][-]{section.7.18}{\376\377\000E\000x\000e\000r\000c\000\355\000c\000i\000o\000s\000\040\000G\000e\000r\000a\000i\000s}{chapter.7}% 58
\BOOKMARK [0][-]{chapter.8}{\376\377\000A\000u\000t\000o\000v\000a\000l\000o\000r\000e\000s\000\040\000e\000\040\000A\000u\000t\000o\000v\000e\000t\000o\000r\000e\000s}{}% 59
\BOOKMARK [1][-]{section.8.1}{\376\377\000I\000n\000t\000r\000o\000d\000u\000\347\000\343\000o}{chapter.8}% 60
\BOOKMARK [1][-]{section.8.2}{\376\377\000A\000u\000t\000o\000v\000a\000l\000o\000r\000e\000s\000\040\000e\000\040\000A\000u\000t\000o\000v\000e\000t\000o\000r\000e\000s}{chapter.8}% 61
\BOOKMARK [1][-]{section.8.3}{\376\377\000P\000o\000l\000i\000n\000\364\000m\000i\000o\000\040\000C\000a\000r\000a\000c\000t\000e\000r\000i\000s\000t\000i\000c\000o}{chapter.8}% 62
\BOOKMARK [1][-]{section.8.4}{\376\377\000E\000x\000e\000r\000c\000\355\000c\000i\000o\000s\000\040\000P\000r\000o\000p\000o\000s\000t\000o\000s}{chapter.8}% 63
\BOOKMARK [1][-]{section.8.5}{\376\377\000D\000i\000a\000g\000o\000n\000a\000l\000i\000z\000a\000\347\000\343\000o\000\040\000d\000e\000\040\000O\000p\000e\000r\000a\000d\000o\000r\000e\000s}{chapter.8}% 64
\BOOKMARK [1][-]{section.8.6}{\376\377\000E\000x\000e\000r\000c\000\355\000c\000i\000o\000s\000\040\000P\000r\000o\000p\000o\000s\000t\000o\000s}{chapter.8}% 65
\BOOKMARK [1][-]{section.8.7}{\376\377\000E\000x\000e\000r\000c\000\355\000c\000i\000o\000s\000\040\000G\000e\000r\000a\000i\000s}{chapter.8}% 66
\BOOKMARK [1][-]{section.8.8}{\376\377\000R\000e\000s\000p\000o\000s\000t\000a\000s}{chapter.8}% 67
\BOOKMARK [0][-]{chapter.9}{\376\377\000E\000s\000p\000a\000\347\000o\000s\000\040\000c\000o\000m\000\040\000P\000r\000o\000d\000u\000t\000o\000\040\000I\000n\000t\000e\000r\000n\000o}{}% 68
\BOOKMARK [1][-]{section.9.1}{\376\377\000I\000n\000t\000r\000o\000d\000u\000\347\000\343\000o}{chapter.9}% 69
\BOOKMARK [1][-]{section.9.2}{\376\377\000P\000r\000o\000d\000u\000t\000o\000\040\000i\000n\000t\000e\000r\000n\000o}{chapter.9}% 70
\BOOKMARK [1][-]{section.9.3}{\376\377\000N\000o\000r\000m\000a}{chapter.9}% 71
\BOOKMARK [1][-]{section.9.4}{\376\377\000P\000r\000o\000c\000e\000s\000s\000o\000\040\000d\000e\000\040\000O\000r\000t\000o\000g\000o\000n\000a\000l\000i\000z\000a\000\347\000\343\000o\000\040\000d\000e\000\040\000G\000r\000a\000m\000-\000S\000c\000h\000m\000i\000d\000t}{chapter.9}% 72
\BOOKMARK [1][-]{section.9.5}{\376\377\000C\000o\000m\000p\000l\000e\000m\000e\000n\000t\000o\000\040\000O\000r\000t\000o\000g\000o\000n\000a\000l}{chapter.9}% 73
\BOOKMARK [1][-]{section.9.6}{\376\377\000E\000x\000e\000r\000c\000\355\000c\000i\000o\000s\000\040\000P\000r\000o\000p\000o\000s\000t\000o\000s}{chapter.9}% 74
\BOOKMARK [1][-]{section.9.7}{\376\377\000E\000x\000e\000r\000c\000\355\000c\000i\000o\000s\000\040\000G\000e\000r\000a\000i\000s}{chapter.9}% 75
\BOOKMARK [1][-]{section.9.8}{\376\377\000R\000e\000s\000p\000o\000s\000t\000a\000s}{chapter.9}% 76
\BOOKMARK [0][-]{chapter.10}{\376\377\000O\000p\000e\000r\000a\000d\000o\000r\000e\000s\000\040\000E\000s\000p\000e\000c\000i\000a\000i\000s}{}% 77
\BOOKMARK [1][-]{section.10.1}{\376\377\000I\000n\000t\000r\000o\000d\000u\000\347\000\343\000o}{chapter.10}% 78
\BOOKMARK [1][-]{section.10.2}{\376\377\000O\000p\000e\000r\000a\000d\000o\000r\000\040\000S\000i\000m\000\351\000t\000r\000i\000c\000o}{chapter.10}% 79
\BOOKMARK [1][-]{section.10.3}{\376\377\000O\000p\000e\000r\000a\000d\000o\000r\000\040\000O\000r\000t\000o\000g\000o\000n\000a\000l}{chapter.10}% 80
\BOOKMARK [1][-]{section.10.4}{\376\377\000E\000x\000e\000r\000c\000\355\000c\000i\000o\000s\000\040\000P\000r\000o\000p\000o\000s\000t\000o\000s}{chapter.10}% 81
